Using pre-set license
Built from '2020.3/staging' branch; Version is '2020.3.11f1 (99c7afb366b3) revision 10078127'; Using compiler version '192528614'; Build Type 'Release'
OS: 'Windows 10 Pro; OS build 19043.1288; Version 2009; 64bit' Language: 'en' Physical Memory: 32670 MB
BatchMode: 1, IsHumanControllingUs: 0, StartBugReporterOnCrash: 0, Is64bit: 1, IsPro: 0

 COMMAND LINE ARGUMENTS:
C:\Program Files\Unity\Hub\Editor\2020.3.11f1\Editor\Unity.exe
-adb2
-batchMode
-noUpm
-name
AssetImportWorker0
-projectPath
C:/Projects/Patrol
-logFile
Logs/AssetImportWorker0.log
-srvPort
57651
Successfully changed project path to: C:/Projects/Patrol
C:/Projects/Patrol
Using Asset Import Pipeline V2.
Refreshing native plugins compatible for Editor in 56.74 ms, found 0 plugins.
Preloading 0 native plugins for Editor in 0.00 ms.
Initialize engine version: 2020.3.11f1 (99c7afb366b3)
[Subsystems] Discovering subsystems at path C:/Program Files/Unity/Hub/Editor/2020.3.11f1/Editor/Data/Resources/UnitySubsystems
[Subsystems] Discovering subsystems at path C:/Projects/Patrol/Assets
GfxDevice: creating device client; threaded=0
Direct3D:
    Version:  Direct3D 11.0 [level 11.1]
    Renderer: NVIDIA GeForce GTX 1070 (ID=0x1b81)
    Vendor:   
    VRAM:     8088 MB
    Driver:   23.21.13.9125
Initialize mono
Mono path[0] = 'C:/Program Files/Unity/Hub/Editor/2020.3.11f1/Editor/Data/Managed'
Mono path[1] = 'C:/Program Files/Unity/Hub/Editor/2020.3.11f1/Editor/Data/MonoBleedingEdge/lib/mono/unityjit'
Mono config path = 'C:/Program Files/Unity/Hub/Editor/2020.3.11f1/Editor/Data/MonoBleedingEdge/etc'
Using monoOptions --debugger-agent=transport=dt_socket,embedding=1,server=y,suspend=n,address=127.0.0.1:56044
Begin MonoManager ReloadAssembly
Registering precompiled unity dll's ...
Register platform support module: C:/Program Files/Unity/Hub/Editor/2020.3.11f1/Editor/Data/PlaybackEngines/WindowsStandaloneSupport/UnityEditor.WindowsStandalone.Extensions.dll
Registered in 0.003736 seconds.
Native extension for WindowsStandalone target not found
Refreshing native plugins compatible for Editor in 26.34 ms, found 0 plugins.
Preloading 0 native plugins for Editor in 0.00 ms.
Mono: successfully reloaded assembly
- Completed reload, in  1.239 seconds
Platform modules already initialized, skipping
Registering precompiled user dll's ...
Registered in 0.001139 seconds.
Begin MonoManager ReloadAssembly
Native extension for WindowsStandalone target not found
Refreshing native plugins compatible for Editor in 0.18 ms, found 0 plugins.
Preloading 0 native plugins for Editor in 0.00 ms.
Mono: successfully reloaded assembly
- Completed reload, in  0.964 seconds
Platform modules already initialized, skipping
========================================================================
Worker process is ready to serve import requests
Launched and connected shader compiler UnityShaderCompiler.exe after 0.06 seconds
Refreshing native plugins compatible for Editor in 0.32 ms, found 0 plugins.
Preloading 0 native plugins for Editor in 0.00 ms.
Unloading 1095 Unused Serialized files (Serialized files now loaded: 0)
System memory in use before: 57.0 MB.
System memory in use after: 57.1 MB.

Unloading 13 unused Assets to reduce memory usage. Loaded Objects now: 1542.
Total: 2.054900 ms (FindLiveObjects: 0.229400 ms CreateObjectMapping: 0.051000 ms MarkObjects: 1.648200 ms  DeleteObjects: 0.125200 ms)

========================================================================
Received Import Request.
  path: Assets/Patrol.unity
  artifactKey: Guid(7fdf34aa58f224666b568b75cdc47433) Importer(815301076,1909f56bfc062723c751e8b465ee728b)
Start importing Assets/Patrol.unity using Guid(7fdf34aa58f224666b568b75cdc47433) Importer(815301076,1909f56bfc062723c751e8b465ee728b)  -> (artifact id: '37a20041c0533af827658f6b83e41eaf') in 0.014777 seconds
  Import took 0.016391 seconds .

========================================================================
Received Prepare
Registering precompiled user dll's ...
Registered in 0.001286 seconds.
Begin MonoManager ReloadAssembly
Native extension for WindowsStandalone target not found
Refreshing native plugins compatible for Editor in 0.17 ms, found 0 plugins.
Preloading 0 native plugins for Editor in 0.00 ms.
Mono: successfully reloaded assembly
- Completed reload, in  0.799 seconds
Platform modules already initialized, skipping
Refreshing native plugins compatible for Editor in 0.19 ms, found 0 plugins.
Preloading 0 native plugins for Editor in 0.00 ms.
Unloading 1089 Unused Serialized files (Serialized files now loaded: 0)
System memory in use before: 56.9 MB.
System memory in use after: 57.0 MB.

Unloading 4 unused Assets to reduce memory usage. Loaded Objects now: 1545.
Total: 1.447900 ms (FindLiveObjects: 0.114500 ms CreateObjectMapping: 0.028300 ms MarkObjects: 1.287300 ms  DeleteObjects: 0.016900 ms)

========================================================================
Received Import Request.
  Time since last request: 78.717930 seconds.
  path: Assets
  artifactKey: Guid(00000000000000001000000000000000) Importer(815301076,1909f56bfc062723c751e8b465ee728b)
Start importing Assets using Guid(00000000000000001000000000000000) Importer(815301076,1909f56bfc062723c751e8b465ee728b)  -> (artifact id: '42d402b061de3733987d63b9cc3b64de') in 0.004113 seconds
  Import took 0.005534 seconds .

========================================================================
Received Import Request.
  Time since last request: 12.191954 seconds.
  path: Assets/ComponentPackages
  artifactKey: Guid(02365e12e2d2117499a05837799f8986) Importer(815301076,1909f56bfc062723c751e8b465ee728b)
Start importing Assets/ComponentPackages using Guid(02365e12e2d2117499a05837799f8986) Importer(815301076,1909f56bfc062723c751e8b465ee728b)  -> (artifact id: 'fbb7e9527c181379baacbf97fd615e91') in 0.002958 seconds
  Import took 0.004854 seconds .

========================================================================
Received Import Request.
  Time since last request: 10.708484 seconds.
  path: Assets/ComponentPackages/Patrol
  artifactKey: Guid(f7047e5fe4d7c9943b382684e5df80c7) Importer(815301076,1909f56bfc062723c751e8b465ee728b)
Start importing Assets/ComponentPackages/Patrol using Guid(f7047e5fe4d7c9943b382684e5df80c7) Importer(815301076,1909f56bfc062723c751e8b465ee728b)  -> (artifact id: '107af6fe865122b74cf73c6726ba64d3') in 0.003142 seconds
  Import took 0.004937 seconds .

========================================================================
Received Import Request.
  Time since last request: 9.996727 seconds.
  path: Assets/Attack.cs
  artifactKey: Guid(3991b39060b8644cba8febdefc0ba8b8) Importer(815301076,1909f56bfc062723c751e8b465ee728b)
Start importing Assets/Attack.cs using Guid(3991b39060b8644cba8febdefc0ba8b8) Importer(815301076,1909f56bfc062723c751e8b465ee728b)  -> (artifact id: '1b715a64f11b3cac7f112402deb124cd') in 0.042091 seconds
  Import took 0.043884 seconds .

========================================================================
Received Import Request.
  Time since last request: 0.573260 seconds.
  path: Assets/AI.cs
  artifactKey: Guid(bea18e3b93fcd4024b1aef7ce1fd90af) Importer(815301076,1909f56bfc062723c751e8b465ee728b)
Start importing Assets/AI.cs using Guid(bea18e3b93fcd4024b1aef7ce1fd90af) Importer(815301076,1909f56bfc062723c751e8b465ee728b)  -> (artifact id: 'b3fcbab7cba74aa715c4d149f9327787') in 0.003316 seconds
  Import took 0.005221 seconds .

========================================================================
Received Prepare
Registering precompiled user dll's ...
Registered in 0.000633 seconds.
Begin MonoManager ReloadAssembly
Native extension for WindowsStandalone target not found
Refreshing native plugins compatible for Editor in 0.17 ms, found 0 plugins.
Preloading 0 native plugins for Editor in 0.00 ms.
Mono: successfully reloaded assembly
- Completed reload, in  0.805 seconds
Platform modules already initialized, skipping
Refreshing native plugins compatible for Editor in 0.20 ms, found 0 plugins.
Preloading 0 native plugins for Editor in 0.00 ms.
Unloading 1089 Unused Serialized files (Serialized files now loaded: 0)
System memory in use before: 56.9 MB.
System memory in use after: 57.0 MB.

Unloading 4 unused Assets to reduce memory usage. Loaded Objects now: 1548.
Total: 2.448100 ms (FindLiveObjects: 0.177800 ms CreateObjectMapping: 0.027300 ms MarkObjects: 2.215800 ms  DeleteObjects: 0.026300 ms)

========================================================================
Received Prepare
Registering precompiled user dll's ...
Registered in 0.000754 seconds.
Begin MonoManager ReloadAssembly
Native extension for WindowsStandalone target not found
Refreshing native plugins compatible for Editor in 0.17 ms, found 0 plugins.
Preloading 0 native plugins for Editor in 0.00 ms.
Mono: successfully reloaded assembly
- Completed reload, in  0.821 seconds
Platform modules already initialized, skipping
Refreshing native plugins compatible for Editor in 0.19 ms, found 0 plugins.
Preloading 0 native plugins for Editor in 0.00 ms.
Unloading 1089 Unused Serialized files (Serialized files now loaded: 0)
System memory in use before: 56.9 MB.
System memory in use after: 57.0 MB.

Unloading 4 unused Assets to reduce memory usage. Loaded Objects now: 1551.
Total: 1.514700 ms (FindLiveObjects: 0.120000 ms CreateObjectMapping: 0.035700 ms MarkObjects: 1.346400 ms  DeleteObjects: 0.011800 ms)

========================================================================
Received Import Request.
  Time since last request: 57.038173 seconds.
  path: Assets/ComponentPackages/Patrol/Documentation
  artifactKey: Guid(4fd5a2a66a833774d8976c8b38bbf7bf) Importer(815301076,1909f56bfc062723c751e8b465ee728b)
Start importing Assets/ComponentPackages/Patrol/Documentation using Guid(4fd5a2a66a833774d8976c8b38bbf7bf) Importer(815301076,1909f56bfc062723c751e8b465ee728b)  -> (artifact id: '45b2ff56236fb91a7de9033943ea7fc9') in 0.005443 seconds
  Import took 0.007563 seconds .

========================================================================
Received Import Request.
  Time since last request: 13.331403 seconds.
  path: Assets/ComponentPackages/Patrol/Examples
  artifactKey: Guid(b719783d0fac44743954aaaf216cf021) Importer(815301076,1909f56bfc062723c751e8b465ee728b)
Start importing Assets/ComponentPackages/Patrol/Examples using Guid(b719783d0fac44743954aaaf216cf021) Importer(815301076,1909f56bfc062723c751e8b465ee728b)  -> (artifact id: '411fed7d0262d5288406d2d7fa87b8e6') in 0.004074 seconds
  Import took 0.006557 seconds .

========================================================================
Received Import Request.
  Time since last request: 26.614052 seconds.
  path: Assets/ComponentPackages/Patrol/Scripts
  artifactKey: Guid(0f609d16b31782a45ae677db0b72179b) Importer(815301076,1909f56bfc062723c751e8b465ee728b)
Start importing Assets/ComponentPackages/Patrol/Scripts using Guid(0f609d16b31782a45ae677db0b72179b) Importer(815301076,1909f56bfc062723c751e8b465ee728b)  -> (artifact id: 'f7c370794128cfccc50fcac593be44f0') in 0.002643 seconds
  Import took 0.004705 seconds .

========================================================================
Received Import Request.
  Time since last request: 7.637936 seconds.
  path: Assets/ComponentPackages/Patrol/NavMesh.asset
  artifactKey: Guid(3f000eed4d27f48b3aae6292626a84fd) Importer(815301076,1909f56bfc062723c751e8b465ee728b)
Start importing Assets/ComponentPackages/Patrol/NavMesh.asset using Guid(3f000eed4d27f48b3aae6292626a84fd) Importer(815301076,1909f56bfc062723c751e8b465ee728b)  -> (artifact id: '8cfcf4bbe4f25490e249bfa910abbae1') in 0.014612 seconds
  Import took 0.016591 seconds .

========================================================================
Received Import Request.
  Time since last request: 16.039283 seconds.
  path: Assets/ComponentPackages/Patrol/WayPoint.prefab
  artifactKey: Guid(8c87b28a5c1a0453c95e3b2e88926065) Importer(815301076,1909f56bfc062723c751e8b465ee728b)
Start importing Assets/ComponentPackages/Patrol/WayPoint.prefab using Guid(8c87b28a5c1a0453c95e3b2e88926065) Importer(815301076,1909f56bfc062723c751e8b465ee728b)  -> (artifact id: '79de2956c660b98c31e8017fffc373d7') in 0.299845 seconds
  Import took 0.301688 seconds .

========================================================================
Received Prepare
Registering precompiled user dll's ...
Registered in 0.000657 seconds.
Begin MonoManager ReloadAssembly
Native extension for WindowsStandalone target not found
Refreshing native plugins compatible for Editor in 0.29 ms, found 0 plugins.
Preloading 0 native plugins for Editor in 0.00 ms.
Mono: successfully reloaded assembly
- Completed reload, in  0.827 seconds
Platform modules already initialized, skipping
Refreshing native plugins compatible for Editor in 0.20 ms, found 0 plugins.
Preloading 0 native plugins for Editor in 0.00 ms.
Unloading 1089 Unused Serialized files (Serialized files now loaded: 0)
System memory in use before: 60.1 MB.
System memory in use after: 60.2 MB.

Unloading 4 unused Assets to reduce memory usage. Loaded Objects now: 1562.
Total: 2.074800 ms (FindLiveObjects: 0.122700 ms CreateObjectMapping: 0.027900 ms MarkObjects: 1.895400 ms  DeleteObjects: 0.028100 ms)

========================================================================
Received Import Request.
  Time since last request: 137.871482 seconds.
  path: Assets/ComponentPackages/Patrol/Scripts/Chase.cs
  artifactKey: Guid(736dcda141413401bbd86c417d38ac6a) Importer(815301076,1909f56bfc062723c751e8b465ee728b)
Start importing Assets/ComponentPackages/Patrol/Scripts/Chase.cs using Guid(736dcda141413401bbd86c417d38ac6a) Importer(815301076,1909f56bfc062723c751e8b465ee728b)  -> (artifact id: '29eaaca1a1c0def27603f72bbc3ea758') in 0.004693 seconds
  Import took 0.006915 seconds .

========================================================================
Received Import Request.
  Time since last request: 0.000614 seconds.
  path: Assets/ComponentPackages/Patrol/Scripts/Chase.cs
  artifactKey: Guid(736dcda141413401bbd86c417d38ac6a) Importer(815301076,1909f56bfc062723c751e8b465ee728b)
Start importing Assets/ComponentPackages/Patrol/Scripts/Chase.cs using Guid(736dcda141413401bbd86c417d38ac6a) Importer(815301076,1909f56bfc062723c751e8b465ee728b)  -> (artifact id: '29eaaca1a1c0def27603f72bbc3ea758') in 0.002795 seconds
  Import took 0.004473 seconds .

========================================================================
Received Import Request.
  Time since last request: 1.297643 seconds.
  path: Assets/ComponentPackages/Patrol/Scripts/Investigate.cs
  artifactKey: Guid(240b846da1d284f6795b4a2720e32c32) Importer(815301076,1909f56bfc062723c751e8b465ee728b)
Start importing Assets/ComponentPackages/Patrol/Scripts/Investigate.cs using Guid(240b846da1d284f6795b4a2720e32c32) Importer(815301076,1909f56bfc062723c751e8b465ee728b)  -> (artifact id: '6fc675e44e3b79bef7723f38833adc1a') in 0.003458 seconds
  Import took 0.005221 seconds .

========================================================================
Received Import Request.
  Time since last request: 1.106938 seconds.
  path: Assets/ComponentPackages/Patrol/Scripts/Patrol.cs
  artifactKey: Guid(b077f0e8e6ab940f0a92835b24d2a3dd) Importer(815301076,1909f56bfc062723c751e8b465ee728b)
Start importing Assets/ComponentPackages/Patrol/Scripts/Patrol.cs using Guid(b077f0e8e6ab940f0a92835b24d2a3dd) Importer(815301076,1909f56bfc062723c751e8b465ee728b)  -> (artifact id: '9003cd6527555bf5dbe06174018a6709') in 0.002503 seconds
  Import took 0.004578 seconds .

========================================================================
Received Import Request.
  Time since last request: 0.574219 seconds.
  path: Assets/ComponentPackages/Patrol/Scripts/Vision.cs
  artifactKey: Guid(f74313807371345f68f5c9093316e3c2) Importer(815301076,1909f56bfc062723c751e8b465ee728b)
Start importing Assets/ComponentPackages/Patrol/Scripts/Vision.cs using Guid(f74313807371345f68f5c9093316e3c2) Importer(815301076,1909f56bfc062723c751e8b465ee728b)  -> (artifact id: '672ffe91f6ccb3476f608712da6ec579') in 0.002788 seconds
  Import took 0.004997 seconds .

========================================================================
Received Import Request.
  Time since last request: 0.028356 seconds.
  path: Assets/ComponentPackages/Patrol/Scripts/Vision.cs
  artifactKey: Guid(f74313807371345f68f5c9093316e3c2) Importer(815301076,1909f56bfc062723c751e8b465ee728b)
Start importing Assets/ComponentPackages/Patrol/Scripts/Vision.cs using Guid(f74313807371345f68f5c9093316e3c2) Importer(815301076,1909f56bfc062723c751e8b465ee728b)  -> (artifact id: '672ffe91f6ccb3476f608712da6ec579') in 0.002554 seconds
  Import took 0.004809 seconds .

========================================================================
Received Import Request.
  Time since last request: 1.422960 seconds.
  path: Assets/ComponentPackages/Patrol/Scripts/WayPoint.cs
  artifactKey: Guid(f1a698f7af54245158702d1260267863) Importer(815301076,1909f56bfc062723c751e8b465ee728b)
Start importing Assets/ComponentPackages/Patrol/Scripts/WayPoint.cs using Guid(f1a698f7af54245158702d1260267863) Importer(815301076,1909f56bfc062723c751e8b465ee728b)  -> (artifact id: '6b902c46f02411d7c7d8408dd7ba61ba') in 0.002233 seconds
  Import took 0.005732 seconds .

========================================================================
Received Import Request.
  Time since last request: 0.001377 seconds.
  path: Assets/ComponentPackages/Patrol/Scripts/WayPoint.cs
  artifactKey: Guid(f1a698f7af54245158702d1260267863) Importer(815301076,1909f56bfc062723c751e8b465ee728b)
Start importing Assets/ComponentPackages/Patrol/Scripts/WayPoint.cs using Guid(f1a698f7af54245158702d1260267863) Importer(815301076,1909f56bfc062723c751e8b465ee728b)  -> (artifact id: '6b902c46f02411d7c7d8408dd7ba61ba') in 0.003274 seconds
  Import took 0.006338 seconds .

========================================================================
Received Prepare
Registering precompiled user dll's ...
Registered in 0.000708 seconds.
Begin MonoManager ReloadAssembly
Native extension for WindowsStandalone target not found
Refreshing native plugins compatible for Editor in 0.17 ms, found 0 plugins.
Preloading 0 native plugins for Editor in 0.00 ms.
Mono: successfully reloaded assembly
- Completed reload, in  0.787 seconds
Platform modules already initialized, skipping
Refreshing native plugins compatible for Editor in 0.29 ms, found 0 plugins.
Preloading 0 native plugins for Editor in 0.00 ms.
Unloading 1089 Unused Serialized files (Serialized files now loaded: 0)
System memory in use before: 60.1 MB.
System memory in use after: 60.2 MB.

Unloading 4 unused Assets to reduce memory usage. Loaded Objects now: 1565.
Total: 2.761700 ms (FindLiveObjects: 0.193500 ms CreateObjectMapping: 0.055600 ms MarkObjects: 2.496100 ms  DeleteObjects: 0.014900 ms)

AssetImportWorkerClient::OnTransportError - code=2 error=End of file
